# JRE version: OpenJDK Runtime Environment (21.0.5) (build 21.0.5+-12932927-b750.29)
# Java VM: OpenJDK 64-Bit Server VM (21.0.5+-12932927-b750.29, mixed mode, tiered, compressed oops, compressed class ptrs, g1 gc, windows-amd64)
GC Precious Log:
 CardTable entry size: 512
 Card Set container configuration: InlinePtr #cards 5 size 8 Array Of Cards #cards 12 size 40 Howl #buckets 4 coarsen threshold 1843 Howl Bitmap #cards 512 size 80 coarsen threshold 460 Card regions per heap region 1 cards per card region 2048
 CPUs: 8 total, 8 available
 Memory: 7975M
 Large Page Support: Disabled
 NUMA Support: Disabled
 Compressed Oops: Enabled (32-bit)
 Heap Region Size: 1M
 Heap Min Capacity: 8M
 Heap Initial Capacity: 126M
 Heap Max Capacity: 2G
 Pre-touch: Disabled
 Parallel Workers: 8
 Concurrent Workers: 2
 Concurrent Refinement Workers: 8
 Periodic GC: Disabled
Heap:
 garbage-first heap   total 285696K, used 218021K [0x0000000080000000, 0x0000000100000000)
  region size 1024K, 50 young (51200K), 2 survivors (2048K)
 Metaspace       used 143114K, committed 145600K, reserved 557056K
  class space    used 18420K, committed 19648K, reserved 425984K
GC Heap History (20 events):
Event: 31.941 GC heap before
{Heap before GC invocations=37 (full 0):
 garbage-first heap   total 199680K, used 166242K [0x0000000080000000, 0x0000000100000000)
  region size 1024K, 54 young (55296K), 8 survivors (8192K)
 Metaspace       used 118298K, committed 120384K, reserved 557056K
  class space    used 15152K, committed 16192K, reserved 425984K
}
Event: 31.947 GC heap after
{Heap after GC invocations=38 (full 0):
 garbage-first heap   total 199680K, used 120730K [0x0000000080000000, 0x0000000100000000)
  region size 1024K, 6 young (6144K), 6 survivors (6144K)
 Metaspace       used 118298K, committed 120384K, reserved 557056K
  class space    used 15152K, committed 16192K, reserved 425984K
}
Event: 40.388 GC heap before
{Heap before GC invocations=38 (full 0):
 garbage-first heap   total 199680K, used 181146K [0x0000000080000000, 0x0000000100000000)
  region size 1024K, 65 young (66560K), 6 survivors (6144K)
 Metaspace       used 124614K, committed 126848K, reserved 557056K
  class space    used 15876K, committed 16960K, reserved 425984K
}
Event: 40.395 GC heap after
{Heap after GC invocations=39 (full 0):
 garbage-first heap   total 199680K, used 123575K [0x0000000080000000, 0x0000000100000000)
  region size 1024K, 8 young (8192K), 8 survivors (8192K)
 Metaspace       used 124614K, committed 126848K, reserved 557056K
  class space    used 15876K, committed 16960K, reserved 425984K
}
Event: 42.404 GC heap before
{Heap before GC invocations=39 (full 0):
 garbage-first heap   total 199680K, used 180919K [0x0000000080000000, 0x0000000100000000)
  region size 1024K, 63 young (64512K), 8 survivors (8192K)
 Metaspace       used 124916K, committed 127104K, reserved 557056K
  class space    used 15877K, committed 16960K, reserved 425984K
}
Event: 42.414 GC heap after
{Heap after GC invocations=40 (full 0):
 garbage-first heap   total 199680K, used 129024K [0x0000000080000000, 0x0000000100000000)
  region size 1024K, 8 young (8192K), 8 survivors (8192K)
 Metaspace       used 124916K, committed 127104K, reserved 557056K
  class space    used 15877K, committed 16960K, reserved 425984K
}
Event: 47.469 GC heap before
{Heap before GC invocations=40 (full 0):
 garbage-first heap   total 199680K, used 180224K [0x0000000080000000, 0x0000000100000000)
  region size 1024K, 58 young (59392K), 8 survivors (8192K)
 Metaspace       used 129814K, committed 132032K, reserved 557056K
  class space    used 16571K, committed 17664K, reserved 425984K
}
Event: 47.478 GC heap after
{Heap after GC invocations=41 (full 0):
 garbage-first heap   total 199680K, used 134694K [0x0000000080000000, 0x0000000100000000)
  region size 1024K, 5 young (5120K), 5 survivors (5120K)
 Metaspace       used 129814K, committed 132032K, reserved 557056K
  class space    used 16571K, committed 17664K, reserved 425984K
}
Event: 52.233 GC heap before
{Heap before GC invocations=42 (full 0):
 garbage-first heap   total 225280K, used 183846K [0x0000000080000000, 0x0000000100000000)
  region size 1024K, 52 young (53248K), 5 survivors (5120K)
 Metaspace       used 132322K, committed 134656K, reserved 557056K
  class space    used 16987K, committed 18112K, reserved 425984K
}
Event: 52.243 GC heap after
{Heap after GC invocations=43 (full 0):
 garbage-first heap   total 225280K, used 141843K [0x0000000080000000, 0x0000000100000000)
  region size 1024K, 7 young (7168K), 7 survivors (7168K)
 Metaspace       used 132322K, committed 134656K, reserved 557056K
  class space    used 16987K, committed 18112K, reserved 425984K
}
Event: 58.381 GC heap before
{Heap before GC invocations=43 (full 0):
 garbage-first heap   total 225280K, used 206355K [0x0000000080000000, 0x0000000100000000)
  region size 1024K, 70 young (71680K), 7 survivors (7168K)
 Metaspace       used 133408K, committed 135744K, reserved 557056K
  class space    used 17078K, committed 18240K, reserved 425984K
}
Event: 58.391 GC heap after
{Heap after GC invocations=44 (full 0):
 garbage-first heap   total 225280K, used 146604K [0x0000000080000000, 0x0000000100000000)
  region size 1024K, 7 young (7168K), 7 survivors (7168K)
 Metaspace       used 133408K, committed 135744K, reserved 557056K
  class space    used 17078K, committed 18240K, reserved 425984K
}
Event: 64.348 GC heap before
{Heap before GC invocations=44 (full 0):
 garbage-first heap   total 225280K, used 205996K [0x0000000080000000, 0x0000000100000000)
  region size 1024K, 65 young (66560K), 7 survivors (7168K)
 Metaspace       used 136953K, committed 139328K, reserved 557056K
  class space    used 17660K, committed 18816K, reserved 425984K
}
Event: 64.355 GC heap after
{Heap after GC invocations=45 (full 0):
 garbage-first heap   total 225280K, used 150741K [0x0000000080000000, 0x0000000100000000)
  region size 1024K, 5 young (5120K), 5 survivors (5120K)
 Metaspace       used 136953K, committed 139328K, reserved 557056K
  class space    used 17660K, committed 18816K, reserved 425984K
}
Event: 68.816 GC heap before
{Heap before GC invocations=46 (full 0):
 garbage-first heap   total 252928K, used 218325K [0x0000000080000000, 0x0000000100000000)
  region size 1024K, 59 young (60416K), 5 survivors (5120K)
 Metaspace       used 137092K, committed 139520K, reserved 557056K
  class space    used 17676K, committed 18880K, reserved 425984K
}
Event: 68.828 GC heap after
{Heap after GC invocations=47 (full 0):
 garbage-first heap   total 252928K, used 169968K [0x0000000080000000, 0x0000000100000000)
  region size 1024K, 8 young (8192K), 8 survivors (8192K)
 Metaspace       used 137092K, committed 139520K, reserved 557056K
  class space    used 17676K, committed 18880K, reserved 425984K
}
Event: 70.737 GC heap before
{Heap before GC invocations=47 (full 0):
 garbage-first heap   total 252928K, used 232432K [0x0000000080000000, 0x0000000100000000)
  region size 1024K, 66 young (67584K), 8 survivors (8192K)
 Metaspace       used 137588K, committed 139968K, reserved 557056K
  class space    used 17706K, committed 18880K, reserved 425984K
}
Event: 70.752 GC heap after
{Heap after GC invocations=48 (full 0):
 garbage-first heap   total 252928K, used 165234K [0x0000000080000000, 0x0000000100000000)
  region size 1024K, 7 young (7168K), 7 survivors (7168K)
 Metaspace       used 137588K, committed 139968K, reserved 557056K
  class space    used 17706K, committed 18880K, reserved 425984K
}
Event: 71.723 GC heap before
{Heap before GC invocations=48 (full 0):
 garbage-first heap   total 252928K, used 182642K [0x0000000080000000, 0x0000000100000000)
  region size 1024K, 25 young (25600K), 7 survivors (7168K)
 Metaspace       used 139941K, committed 142336K, reserved 557056K
  class space    used 18003K, committed 19200K, reserved 425984K
}
Event: 71.728 GC heap after
{Heap after GC invocations=49 (full 0):
 garbage-first heap   total 252928K, used 166821K [0x0000000080000000, 0x0000000100000000)
  region size 1024K, 2 young (2048K), 2 survivors (2048K)
 Metaspace       used 139941K, committed 142336K, reserved 557056K
  class space    used 18003K, committed 19200K, reserved 425984K
}

