# JRE version: Java(TM) SE Runtime Environment (17.0.12+8) (build 17.0.12+8-LTS-286)
# Java VM: Java HotSpot(TM) 64-Bit Server VM (17.0.12+8-LTS-286, mixed mode, sharing, tiered, compressed oops, compressed class ptrs, g1 gc, windows-amd64)
GC Precious Log:
 CPUs: 8 total, 8 available
 Memory: 7975M
 Large Page Support: Disabled
 NUMA Support: Disabled
 Compressed Oops: Enabled (32-bit)
 Heap Region Size: 1M
 Heap Min Capacity: 8M
 Heap Initial Capacity: 126M
 Heap Max Capacity: 1994M
 Pre-touch: Disabled
 Parallel Workers: 8
 Concurrent Workers: 2
 Concurrent Refinement Workers: 8
 Periodic GC: Disabled
Heap:
 garbage-first heap   total 131072K, used 66102K [0x0000000083600000, 0x0000000100000000)
  region size 1024K, 26 young (26624K), 8 survivors (8192K)
 Metaspace       used 48535K, committed 48832K, reserved 1114112K
  class space    used 5846K, committed 6016K, reserved 1048576K
GC Heap History (20 events):
Event: 0.947 GC heap before
{Heap before GC invocations=0 (full 0):
 garbage-first heap   total 129024K, used 27648K [0x0000000083600000, 0x0000000100000000)
  region size 1024K, 23 young (23552K), 0 survivors (0K)
 Metaspace       used 7064K, committed 7168K, reserved 1114112K
  class space    used 737K, committed 768K, reserved 1048576K
}
Event: 0.969 GC heap after
{Heap after GC invocations=1 (full 0):
 garbage-first heap   total 129024K, used 7050K [0x0000000083600000, 0x0000000100000000)
  region size 1024K, 3 young (3072K), 3 survivors (3072K)
 Metaspace       used 7064K, committed 7168K, reserved 1114112K
  class space    used 737K, committed 768K, reserved 1048576K
}
Event: 2.273 GC heap before
{Heap before GC invocations=1 (full 0):
 garbage-first heap   total 129024K, used 40842K [0x0000000083600000, 0x0000000100000000)
  region size 1024K, 36 young (36864K), 3 survivors (3072K)
 Metaspace       used 15931K, committed 16128K, reserved 1114112K
  class space    used 2082K, committed 2176K, reserved 1048576K
}
Event: 2.281 GC heap after
{Heap after GC invocations=2 (full 0):
 garbage-first heap   total 129024K, used 10395K [0x0000000083600000, 0x0000000100000000)
  region size 1024K, 4 young (4096K), 4 survivors (4096K)
 Metaspace       used 15931K, committed 16128K, reserved 1114112K
  class space    used 2082K, committed 2176K, reserved 1048576K
}
Event: 3.740 GC heap before
{Heap before GC invocations=2 (full 0):
 garbage-first heap   total 129024K, used 51355K [0x0000000083600000, 0x0000000100000000)
  region size 1024K, 43 young (44032K), 4 survivors (4096K)
 Metaspace       used 21360K, committed 21504K, reserved 1114112K
  class space    used 2863K, committed 2944K, reserved 1048576K
}
Event: 3.752 GC heap after
{Heap after GC invocations=3 (full 0):
 garbage-first heap   total 129024K, used 16313K [0x0000000083600000, 0x0000000100000000)
  region size 1024K, 10 young (10240K), 10 survivors (10240K)
 Metaspace       used 21360K, committed 21504K, reserved 1114112K
  class space    used 2863K, committed 2944K, reserved 1048576K
}
Event: 4.690 GC heap before
{Heap before GC invocations=4 (full 0):
 garbage-first heap   total 65536K, used 44985K [0x0000000083600000, 0x0000000100000000)
  region size 1024K, 38 young (38912K), 10 survivors (10240K)
 Metaspace       used 26979K, committed 27136K, reserved 1114112K
  class space    used 3402K, committed 3456K, reserved 1048576K
}
Event: 4.714 GC heap after
{Heap after GC invocations=5 (full 0):
 garbage-first heap   total 65536K, used 19650K [0x0000000083600000, 0x0000000100000000)
  region size 1024K, 4 young (4096K), 4 survivors (4096K)
 Metaspace       used 26979K, committed 27136K, reserved 1114112K
  class space    used 3402K, committed 3456K, reserved 1048576K
}
Event: 4.725 GC heap before
{Heap before GC invocations=5 (full 0):
 garbage-first heap   total 65536K, used 20674K [0x0000000083600000, 0x0000000100000000)
  region size 1024K, 5 young (5120K), 4 survivors (4096K)
 Metaspace       used 27071K, committed 27264K, reserved 1114112K
  class space    used 3410K, committed 3456K, reserved 1048576K
}
Event: 4.732 GC heap after
{Heap after GC invocations=6 (full 0):
 garbage-first heap   total 65536K, used 20286K [0x0000000083600000, 0x0000000100000000)
  region size 1024K, 1 young (1024K), 1 survivors (1024K)
 Metaspace       used 27071K, committed 27264K, reserved 1114112K
  class space    used 3410K, committed 3456K, reserved 1048576K
}
Event: 6.621 GC heap before
{Heap before GC invocations=6 (full 0):
 garbage-first heap   total 65536K, used 47934K [0x0000000083600000, 0x0000000100000000)
  region size 1024K, 28 young (28672K), 1 survivors (1024K)
 Metaspace       used 30414K, committed 30656K, reserved 1114112K
  class space    used 3733K, committed 3840K, reserved 1048576K
}
Event: 6.636 GC heap after
{Heap after GC invocations=7 (full 0):
 garbage-first heap   total 65536K, used 25600K [0x0000000083600000, 0x0000000100000000)
  region size 1024K, 4 young (4096K), 4 survivors (4096K)
 Metaspace       used 30414K, committed 30656K, reserved 1114112K
  class space    used 3733K, committed 3840K, reserved 1048576K
}
Event: 9.302 GC heap before
{Heap before GC invocations=8 (full 0):
 garbage-first heap   total 65536K, used 48128K [0x0000000083600000, 0x0000000100000000)
  region size 1024K, 25 young (25600K), 4 survivors (4096K)
 Metaspace       used 35622K, committed 35840K, reserved 1114112K
  class space    used 4420K, committed 4544K, reserved 1048576K
}
Event: 9.320 GC heap after
{Heap after GC invocations=9 (full 0):
 garbage-first heap   total 131072K, used 30275K [0x0000000083600000, 0x0000000100000000)
  region size 1024K, 3 young (3072K), 3 survivors (3072K)
 Metaspace       used 35622K, committed 35840K, reserved 1114112K
  class space    used 4420K, committed 4544K, reserved 1048576K
}
Event: 9.382 GC heap before
{Heap before GC invocations=9 (full 0):
 garbage-first heap   total 131072K, used 33347K [0x0000000083600000, 0x0000000100000000)
  region size 1024K, 6 young (6144K), 3 survivors (3072K)
 Metaspace       used 35999K, committed 36224K, reserved 1114112K
  class space    used 4460K, committed 4608K, reserved 1048576K
}
Event: 9.389 GC heap after
{Heap after GC invocations=10 (full 0):
 garbage-first heap   total 131072K, used 31103K [0x0000000083600000, 0x0000000100000000)
  region size 1024K, 1 young (1024K), 1 survivors (1024K)
 Metaspace       used 35999K, committed 36224K, reserved 1114112K
  class space    used 4460K, committed 4608K, reserved 1048576K
}
Event: 12.872 GC heap before
{Heap before GC invocations=10 (full 0):
 garbage-first heap   total 131072K, used 87423K [0x0000000083600000, 0x0000000100000000)
  region size 1024K, 55 young (56320K), 1 survivors (1024K)
 Metaspace       used 40373K, committed 40640K, reserved 1114112K
  class space    used 4995K, committed 5120K, reserved 1048576K
}
Event: 12.883 GC heap after
{Heap after GC invocations=11 (full 0):
 garbage-first heap   total 131072K, used 35982K [0x0000000083600000, 0x0000000100000000)
  region size 1024K, 6 young (6144K), 6 survivors (6144K)
 Metaspace       used 40373K, committed 40640K, reserved 1114112K
  class space    used 4995K, committed 5120K, reserved 1048576K
}
Event: 15.851 GC heap before
{Heap before GC invocations=11 (full 0):
 garbage-first heap   total 131072K, used 91278K [0x0000000083600000, 0x0000000100000000)
  region size 1024K, 60 young (61440K), 6 survivors (6144K)
 Metaspace       used 46928K, committed 47168K, reserved 1114112K
  class space    used 5696K, committed 5824K, reserved 1048576K
}
Event: 15.879 GC heap after
{Heap after GC invocations=12 (full 0):
 garbage-first heap   total 131072K, used 46646K [0x0000000083600000, 0x0000000100000000)
  region size 1024K, 8 young (8192K), 8 survivors (8192K)
 Metaspace       used 46928K, committed 47168K, reserved 1114112K
  class space    used 5696K, committed 5824K, reserved 1048576K
}

