# JRE version: Java(TM) SE Runtime Environment (17.0.12+8) (build 17.0.12+8-LTS-286)
# Java VM: Java HotSpot(TM) 64-Bit Server VM (17.0.12+8-LTS-286, mixed mode, sharing, tiered, compressed oops, compressed class ptrs, g1 gc, windows-amd64)
GC Precious Log:
 CPUs: 8 total, 8 available
 Memory: 7975M
 Large Page Support: Disabled
 NUMA Support: Disabled
 Compressed Oops: Enabled (32-bit)
 Heap Region Size: 1M
 Heap Min Capacity: 8M
 Heap Initial Capacity: 126M
 Heap Max Capacity: 1994M
 Pre-touch: Disabled
 Parallel Workers: 8
 Concurrent Workers: 2
 Concurrent Refinement Workers: 8
 Periodic GC: Disabled
Heap:
 garbage-first heap   total 129024K, used 46638K [0x0000000083600000, 0x0000000100000000)
  region size 1024K, 5 young (5120K), 5 survivors (5120K)
 Metaspace       used 51454K, committed 51776K, reserved 1114112K
  class space    used 6117K, committed 6272K, reserved 1048576K
GC Heap History (19 events):
Event: 0.995 GC heap before
{Heap before GC invocations=0 (full 0):
 garbage-first heap   total 129024K, used 27648K [0x0000000083600000, 0x0000000100000000)
  region size 1024K, 23 young (23552K), 0 survivors (0K)
 Metaspace       used 7188K, committed 7360K, reserved 1114112K
  class space    used 758K, committed 832K, reserved 1048576K
}
Event: 1.005 GC heap after
{Heap after GC invocations=1 (full 0):
 garbage-first heap   total 129024K, used 7135K [0x0000000083600000, 0x0000000100000000)
  region size 1024K, 3 young (3072K), 3 survivors (3072K)
 Metaspace       used 7188K, committed 7360K, reserved 1114112K
  class space    used 758K, committed 832K, reserved 1048576K
}
Event: 2.189 GC heap before
{Heap before GC invocations=1 (full 0):
 garbage-first heap   total 129024K, used 42975K [0x0000000083600000, 0x0000000100000000)
  region size 1024K, 36 young (36864K), 3 survivors (3072K)
 Metaspace       used 15275K, committed 15488K, reserved 1114112K
  class space    used 2021K, committed 2112K, reserved 1048576K
}
Event: 2.197 GC heap after
{Heap after GC invocations=2 (full 0):
 garbage-first heap   total 129024K, used 12839K [0x0000000083600000, 0x0000000100000000)
  region size 1024K, 4 young (4096K), 4 survivors (4096K)
 Metaspace       used 15275K, committed 15488K, reserved 1114112K
  class space    used 2021K, committed 2112K, reserved 1048576K
}
Event: 3.129 GC heap before
{Heap before GC invocations=2 (full 0):
 garbage-first heap   total 129024K, used 39463K [0x0000000083600000, 0x0000000100000000)
  region size 1024K, 32 young (32768K), 4 survivors (4096K)
 Metaspace       used 21329K, committed 21504K, reserved 1114112K
  class space    used 2898K, committed 3008K, reserved 1048576K
}
Event: 3.138 GC heap after
{Heap after GC invocations=3 (full 0):
 garbage-first heap   total 129024K, used 14176K [0x0000000083600000, 0x0000000100000000)
  region size 1024K, 8 young (8192K), 8 survivors (8192K)
 Metaspace       used 21329K, committed 21504K, reserved 1114112K
  class space    used 2898K, committed 3008K, reserved 1048576K
}
Event: 5.608 GC heap before
{Heap before GC invocations=4 (full 0):
 garbage-first heap   total 116736K, used 77664K [0x0000000083600000, 0x0000000100000000)
  region size 1024K, 68 young (69632K), 8 survivors (8192K)
 Metaspace       used 34544K, committed 34752K, reserved 1114112K
  class space    used 4308K, committed 4416K, reserved 1048576K
}
Event: 5.632 GC heap after
{Heap after GC invocations=5 (full 0):
 garbage-first heap   total 116736K, used 21758K [0x0000000083600000, 0x0000000100000000)
  region size 1024K, 9 young (9216K), 9 survivors (9216K)
 Metaspace       used 34544K, committed 34752K, reserved 1114112K
  class space    used 4308K, committed 4416K, reserved 1048576K
}
Event: 5.668 GC heap before
{Heap before GC invocations=5 (full 0):
 garbage-first heap   total 116736K, used 22782K [0x0000000083600000, 0x0000000100000000)
  region size 1024K, 10 young (10240K), 9 survivors (9216K)
 Metaspace       used 35110K, committed 35328K, reserved 1114112K
  class space    used 4365K, committed 4480K, reserved 1048576K
}
Event: 5.683 GC heap after
{Heap after GC invocations=6 (full 0):
 garbage-first heap   total 116736K, used 22799K [0x0000000083600000, 0x0000000100000000)
  region size 1024K, 1 young (1024K), 1 survivors (1024K)
 Metaspace       used 35110K, committed 35328K, reserved 1114112K
  class space    used 4365K, committed 4480K, reserved 1048576K
}
Event: 7.564 GC heap before
{Heap before GC invocations=6 (full 0):
 garbage-first heap   total 116736K, used 81167K [0x0000000083600000, 0x0000000100000000)
  region size 1024K, 57 young (58368K), 1 survivors (1024K)
 Metaspace       used 41591K, committed 41792K, reserved 1114112K
  class space    used 5212K, committed 5312K, reserved 1048576K
}
Event: 7.583 GC heap after
{Heap after GC invocations=7 (full 0):
 garbage-first heap   total 116736K, used 27536K [0x0000000083600000, 0x0000000100000000)
  region size 1024K, 6 young (6144K), 6 survivors (6144K)
 Metaspace       used 41591K, committed 41792K, reserved 1114112K
  class space    used 5212K, committed 5312K, reserved 1048576K
}
Event: 11.253 GC heap before
{Heap before GC invocations=8 (full 0):
 garbage-first heap   total 109568K, used 83856K [0x0000000083600000, 0x0000000100000000)
  region size 1024K, 61 young (62464K), 6 survivors (6144K)
 Metaspace       used 45664K, committed 45952K, reserved 1114112K
  class space    used 5603K, committed 5760K, reserved 1048576K
}
Event: 11.282 GC heap after
{Heap after GC invocations=9 (full 0):
 garbage-first heap   total 109568K, used 35816K [0x0000000083600000, 0x0000000100000000)
  region size 1024K, 8 young (8192K), 8 survivors (8192K)
 Metaspace       used 45664K, committed 45952K, reserved 1114112K
  class space    used 5603K, committed 5760K, reserved 1048576K
}
Event: 11.319 GC heap before
{Heap before GC invocations=9 (full 0):
 garbage-first heap   total 109568K, used 36840K [0x0000000083600000, 0x0000000100000000)
  region size 1024K, 9 young (9216K), 8 survivors (8192K)
 Metaspace       used 45710K, committed 46016K, reserved 1114112K
  class space    used 5606K, committed 5760K, reserved 1048576K
}
Event: 11.338 GC heap after
{Heap after GC invocations=10 (full 0):
 garbage-first heap   total 109568K, used 36864K [0x0000000083600000, 0x0000000100000000)
  region size 1024K, 1 young (1024K), 1 survivors (1024K)
 Metaspace       used 45710K, committed 46016K, reserved 1114112K
  class space    used 5606K, committed 5760K, reserved 1048576K
}
Event: 13.000 GC heap before
{Heap before GC invocations=10 (full 0):
 garbage-first heap   total 109568K, used 80896K [0x0000000083600000, 0x0000000100000000)
  region size 1024K, 44 young (45056K), 1 survivors (1024K)
 Metaspace       used 47526K, committed 47808K, reserved 1114112K
  class space    used 5786K, committed 5952K, reserved 1048576K
}
Event: 13.017 GC heap after
{Heap after GC invocations=11 (full 0):
 garbage-first heap   total 109568K, used 41747K [0x0000000083600000, 0x0000000100000000)
  region size 1024K, 6 young (6144K), 6 survivors (6144K)
 Metaspace       used 47526K, committed 47808K, reserved 1114112K
  class space    used 5786K, committed 5952K, reserved 1048576K
}
Event: 15.931 GC heap before
{Heap before GC invocations=11 (full 0):
 garbage-first heap   total 109568K, used 81683K [0x0000000083600000, 0x0000000100000000)
  region size 1024K, 45 young (46080K), 6 survivors (6144K)
 Metaspace       used 51454K, committed 51776K, reserved 1114112K
  class space    used 6117K, committed 6272K, reserved 1048576K
}

