# JRE version: Java(TM) SE Runtime Environment (17.0.12+8) (build 17.0.12+8-LTS-286)
# Java VM: Java HotSpot(TM) 64-Bit Server VM (17.0.12+8-LTS-286, mixed mode, sharing, tiered, compressed oops, compressed class ptrs, g1 gc, windows-amd64)
GC Precious Log:
 CPUs: 8 total, 8 available
 Memory: 7975M
 Large Page Support: Disabled
 NUMA Support: Disabled
 Compressed Oops: Enabled (32-bit)
 Heap Region Size: 1M
 Heap Min Capacity: 8M
 Heap Initial Capacity: 126M
 Heap Max Capacity: 1994M
 Pre-touch: Disabled
 Parallel Workers: 8
 Concurrent Workers: 2
 Concurrent Refinement Workers: 8
 Periodic GC: Disabled
Heap:
 garbage-first heap   total 145408K, used 74240K [0x0000000083600000, 0x0000000100000000)
  region size 1024K, 25 young (25600K), 6 survivors (6144K)
 Metaspace       used 52903K, committed 53184K, reserved 1114112K
  class space    used 6130K, committed 6272K, reserved 1048576K
GC Heap History (20 events):
Event: 3.032 GC heap before
{Heap before GC invocations=2 (full 0):
 garbage-first heap   total 129024K, used 40402K [0x0000000083600000, 0x0000000100000000)
  region size 1024K, 32 young (32768K), 4 survivors (4096K)
 Metaspace       used 21323K, committed 21504K, reserved 1114112K
  class space    used 2886K, committed 3008K, reserved 1048576K
}
Event: 3.039 GC heap after
{Heap after GC invocations=3 (full 0):
 garbage-first heap   total 129024K, used 14596K [0x0000000083600000, 0x0000000100000000)
  region size 1024K, 8 young (8192K), 8 survivors (8192K)
 Metaspace       used 21323K, committed 21504K, reserved 1114112K
  class space    used 2886K, committed 3008K, reserved 1048576K
}
Event: 4.209 GC heap before
{Heap before GC invocations=4 (full 0):
 garbage-first heap   total 61440K, used 43268K [0x0000000083600000, 0x0000000100000000)
  region size 1024K, 36 young (36864K), 8 survivors (8192K)
 Metaspace       used 26703K, committed 26880K, reserved 1114112K
  class space    used 3391K, committed 3456K, reserved 1048576K
}
Event: 4.228 GC heap after
{Heap after GC invocations=5 (full 0):
 garbage-first heap   total 61440K, used 18372K [0x0000000083600000, 0x0000000100000000)
  region size 1024K, 4 young (4096K), 4 survivors (4096K)
 Metaspace       used 26703K, committed 26880K, reserved 1114112K
  class space    used 3391K, committed 3456K, reserved 1048576K
}
Event: 4.298 GC heap before
{Heap before GC invocations=5 (full 0):
 garbage-first heap   total 61440K, used 19396K [0x0000000083600000, 0x0000000100000000)
  region size 1024K, 5 young (5120K), 4 survivors (4096K)
 Metaspace       used 26905K, committed 27136K, reserved 1114112K
  class space    used 3417K, committed 3520K, reserved 1048576K
}
Event: 4.307 GC heap after
{Heap after GC invocations=6 (full 0):
 garbage-first heap   total 61440K, used 18730K [0x0000000083600000, 0x0000000100000000)
  region size 1024K, 1 young (1024K), 1 survivors (1024K)
 Metaspace       used 26905K, committed 27136K, reserved 1114112K
  class space    used 3417K, committed 3520K, reserved 1048576K
}
Event: 5.886 GC heap before
{Heap before GC invocations=6 (full 0):
 garbage-first heap   total 61440K, used 43306K [0x0000000083600000, 0x0000000100000000)
  region size 1024K, 26 young (26624K), 1 survivors (1024K)
 Metaspace       used 31806K, committed 32000K, reserved 1114112K
  class space    used 3939K, committed 4032K, reserved 1048576K
}
Event: 5.899 GC heap after
{Heap after GC invocations=7 (full 0):
 garbage-first heap   total 61440K, used 22008K [0x0000000083600000, 0x0000000100000000)
  region size 1024K, 4 young (4096K), 4 survivors (4096K)
 Metaspace       used 31806K, committed 32000K, reserved 1114112K
  class space    used 3939K, committed 4032K, reserved 1048576K
}
Event: 7.137 GC heap before
{Heap before GC invocations=8 (full 0):
 garbage-first heap   total 61440K, used 46584K [0x0000000083600000, 0x0000000100000000)
  region size 1024K, 26 young (26624K), 4 survivors (4096K)
 Metaspace       used 35258K, committed 35520K, reserved 1114112K
  class space    used 4330K, committed 4480K, reserved 1048576K
}
Event: 7.151 GC heap after
{Heap after GC invocations=9 (full 0):
 garbage-first heap   total 61440K, used 28243K [0x0000000083600000, 0x0000000100000000)
  region size 1024K, 4 young (4096K), 4 survivors (4096K)
 Metaspace       used 35258K, committed 35520K, reserved 1114112K
  class space    used 4330K, committed 4480K, reserved 1048576K
}
Event: 7.157 GC heap before
{Heap before GC invocations=9 (full 0):
 garbage-first heap   total 61440K, used 29267K [0x0000000083600000, 0x0000000100000000)
  region size 1024K, 5 young (5120K), 4 survivors (4096K)
 Metaspace       used 35259K, committed 35520K, reserved 1114112K
  class space    used 4330K, committed 4480K, reserved 1048576K
}
Event: 7.165 GC heap after
{Heap after GC invocations=10 (full 0):
 garbage-first heap   total 61440K, used 28316K [0x0000000083600000, 0x0000000100000000)
  region size 1024K, 1 young (1024K), 1 survivors (1024K)
 Metaspace       used 35259K, committed 35520K, reserved 1114112K
  class space    used 4330K, committed 4480K, reserved 1048576K
}
Event: 7.224 GC heap before
{Heap before GC invocations=10 (full 0):
 garbage-first heap   total 61440K, used 45724K [0x0000000083600000, 0x0000000100000000)
  region size 1024K, 18 young (18432K), 1 survivors (1024K)
 Metaspace       used 35332K, committed 35584K, reserved 1114112K
  class space    used 4330K, committed 4480K, reserved 1048576K
}
Event: 7.227 GC heap after
{Heap after GC invocations=11 (full 0):
 garbage-first heap   total 145408K, used 29011K [0x0000000083600000, 0x0000000100000000)
  region size 1024K, 2 young (2048K), 2 survivors (2048K)
 Metaspace       used 35332K, committed 35584K, reserved 1114112K
  class space    used 4330K, committed 4480K, reserved 1048576K
}
Event: 12.071 GC heap before
{Heap before GC invocations=11 (full 0):
 garbage-first heap   total 145408K, used 106835K [0x0000000083600000, 0x0000000100000000)
  region size 1024K, 78 young (79872K), 2 survivors (2048K)
 Metaspace       used 46973K, committed 47296K, reserved 1114112K
  class space    used 5678K, committed 5824K, reserved 1048576K
}
Event: 12.092 GC heap after
{Heap after GC invocations=12 (full 0):
 garbage-first heap   total 145408K, used 39105K [0x0000000083600000, 0x0000000100000000)
  region size 1024K, 10 young (10240K), 10 survivors (10240K)
 Metaspace       used 46973K, committed 47296K, reserved 1114112K
  class space    used 5678K, committed 5824K, reserved 1048576K
}
Event: 14.219 GC heap before
{Heap before GC invocations=12 (full 0):
 garbage-first heap   total 145408K, used 99521K [0x0000000083600000, 0x0000000100000000)
  region size 1024K, 69 young (70656K), 10 survivors (10240K)
 Metaspace       used 48444K, committed 48768K, reserved 1114112K
  class space    used 5778K, committed 5952K, reserved 1048576K
}
Event: 14.247 GC heap after
{Heap after GC invocations=13 (full 0):
 garbage-first heap   total 145408K, used 49659K [0x0000000083600000, 0x0000000100000000)
  region size 1024K, 9 young (9216K), 9 survivors (9216K)
 Metaspace       used 48444K, committed 48768K, reserved 1114112K
  class space    used 5778K, committed 5952K, reserved 1048576K
}
Event: 16.385 GC heap before
{Heap before GC invocations=13 (full 0):
 garbage-first heap   total 145408K, used 103931K [0x0000000083600000, 0x0000000100000000)
  region size 1024K, 62 young (63488K), 9 survivors (9216K)
 Metaspace       used 51024K, committed 51328K, reserved 1114112K
  class space    used 6001K, committed 6144K, reserved 1048576K
}
Event: 16.406 GC heap after
{Heap after GC invocations=14 (full 0):
 garbage-first heap   total 145408K, used 55808K [0x0000000083600000, 0x0000000100000000)
  region size 1024K, 6 young (6144K), 6 survivors (6144K)
 Metaspace       used 51024K, committed 51328K, reserved 1114112K
  class space    used 6001K, committed 6144K, reserved 1048576K
}

